<?xml version="1.0" encoding="UTF-8"?>
<!-- Generated by org.testng.reporters.JUnitXMLReporter -->
<testsuite ignored="0" hostname="Dishant" failures="0" tests="5" name="Regression Edge" time="17.579" errors="0" timestamp="2026-02-24T23:10:55 IST">
  <testcase classname="tests.SearchTest" name="loginTest" time="0.767"/>
  <testcase classname="tests.SearchTest" name="loginTest" time="0.962"/>
  <testcase classname="tests.SearchTest" name="loginTest" time="0.91"/>
  <testcase classname="tests.SearchTest" name="loginTest" time="0.559"/>
  <testcase classname="tests.SearchTest" name="loginTest" time="5.906"/>
</testsuite> <!-- Regression Edge -->
