<?xml version="1.0" encoding="UTF-8"?>
<!-- Generated by org.testng.reporters.JUnitXMLReporter -->
<testsuite ignored="0" hostname="Dishant" failures="0" tests="5" name="Regression Chrome" time="17.225" errors="0" timestamp="2026-02-24T11:11:58 IST">
  <testcase classname="tests.SearchTest" name="loginTest" time="5.895"/>
  <testcase classname="tests.SearchTest" name="loginTest" time="5.824"/>
  <testcase classname="tests.SearchTest" name="loginTest" time="5.837"/>
  <testcase classname="tests.SearchTest" name="loginTest" time="8.076"/>
  <testcase classname="tests.SearchTest" name="loginTest" time="9.699"/>
</testsuite> <!-- Regression Chrome -->
