<?xml version="1.0" encoding="UTF-8"?>
<!-- Generated by org.testng.reporters.JUnitXMLReporter -->
<testsuite ignored="0" hostname="Dishant" failures="0" tests="5" name="Regression Edge" time="140.524" errors="0" timestamp="2026-02-24T23:34:44 IST">
  <testcase classname="tests.SearchTest" name="loginTest" time="6.212"/>
  <testcase classname="tests.SearchTest" name="loginTest" time="0.762"/>
  <testcase classname="tests.SearchTest" name="loginTest" time="0.482"/>
  <testcase classname="tests.SearchTest" name="loginTest" time="0.783"/>
  <testcase classname="tests.SearchTest" name="loginTest" time="0.728"/>
</testsuite> <!-- Regression Edge -->
