<?xml version="1.0" encoding="UTF-8"?>
<!-- Generated by org.testng.reporters.JUnitReportReporter -->
<testsuite hostname="Dishant" failures="0" tests="10" name="tests.SearchTest" time="161.112" errors="0" timestamp="2026-02-24T11:12:01 IST" skipped="0">
  <testcase classname="tests.SearchTest" name="loginTest" time="15.516"/>
  <testcase classname="tests.SearchTest" name="loginTest" time="16.084"/>
  <testcase classname="tests.SearchTest" name="loginTest" time="16.304"/>
  <testcase classname="tests.SearchTest" name="loginTest" time="15.694"/>
  <testcase classname="tests.SearchTest" name="loginTest" time="17.915"/>
  <testcase classname="tests.SearchTest" name="loginTest" time="13.129"/>
  <testcase classname="tests.SearchTest" name="loginTest" time="13.382"/>
  <testcase classname="tests.SearchTest" name="loginTest" time="17.427"/>
  <testcase classname="tests.SearchTest" name="loginTest" time="14.762"/>
  <testcase classname="tests.SearchTest" name="loginTest" time="20.899"/>
</testsuite> <!-- tests.SearchTest -->
