<?xml version="1.0" encoding="UTF-8"?>
<!-- Generated by org.testng.reporters.JUnitReportReporter -->
<testsuite hostname="Dishant" failures="0" tests="15" name="tests.SearchTest" time="7170.992" errors="5" timestamp="2026-02-24T23:35:07 IST" skipped="5">
  <testcase classname="tests.SearchTest" name="setup" time="1465.155">
    <error message="java.net.SocketTimeoutException: Read timed out" type="io.github.bonigarcia.wdm.config.WebDriverManagerException">
      <![CDATA[io.github.bonigarcia.wdm.config.WebDriverManagerException: java.net.SocketTimeoutException: Read timed out
at io.github.bonigarcia.wdm.WebDriverManager.handleException(WebDriverManager.java:1414)
at io.github.bonigarcia.wdm.WebDriverManager.manage(WebDriverManager.java:1189)
at io.github.bonigarcia.wdm.WebDriverManager.fallback(WebDriverManager.java:1430)
at io.github.bonigarcia.wdm.WebDriverManager.handleException(WebDriverManager.java:1408)
at io.github.bonigarcia.wdm.WebDriverManager.manage(WebDriverManager.java:1189)
at io.github.bonigarcia.wdm.WebDriverManager.setup(WebDriverManager.java:426)
at base.DriverFactory.initDriver(DriverFactory.java:19)
at base.BaseTest.setup(BaseTest.java:19)
at java.base/jdk.internal.reflect.DirectMethodHandleAccessor.invoke(DirectMethodHandleAccessor.java:103)
at java.base/java.lang.reflect.Method.invoke(Method.java:580)
at org.testng.internal.invokers.MethodInvocationHelper.invokeMethod(MethodInvocationHelper.java:139)
at org.testng.internal.invokers.MethodInvocationHelper.invokeMethodConsideringTimeout(MethodInvocationHelper.java:69)
at org.testng.internal.invokers.ConfigInvoker.invokeConfigurationMethod(ConfigInvoker.java:393)
at org.testng.internal.invokers.ConfigInvoker.invokeConfigurations(ConfigInvoker.java:326)
at org.testng.internal.invokers.TestInvoker.runConfigMethods(TestInvoker.java:810)
at org.testng.internal.invokers.TestInvoker.invokeMethod(TestInvoker.java:578)
at org.testng.internal.invokers.TestInvoker.invokeTestMethod(TestInvoker.java:228)
at org.testng.internal.invokers.TestMethodWithDataProviderMethodWorker.call(TestMethodWithDataProviderMethodWorker.java:80)
at java.base/java.util.concurrent.CompletableFuture$AsyncSupply.run(CompletableFuture.java:1812)
at java.base/java.util.concurrent.ThreadPoolExecutor.runWorker(ThreadPoolExecutor.java:1144)
at java.base/java.util.concurrent.ThreadPoolExecutor$Worker.run(ThreadPoolExecutor.java:642)
at java.base/java.lang.Thread.run(Thread.java:1575)
Caused by: java.net.SocketTimeoutException: Read timed out
at java.base/sun.nio.ch.NioSocketImpl.timedRead(NioSocketImpl.java:278)
at java.base/sun.nio.ch.NioSocketImpl.implRead(NioSocketImpl.java:304)
at java.base/sun.nio.ch.NioSocketImpl.read(NioSocketImpl.java:346)
at java.base/sun.nio.ch.NioSocketImpl$1.read(NioSocketImpl.java:796)
at java.base/java.net.Socket$SocketInputStream.implRead(Socket.java:1116)
at java.base/java.net.Socket$SocketInputStream.read(Socket.java:1103)
at java.base/sun.security.ssl.SSLSocketInputRecord.read(SSLSocketInputRecord.java:489)
at java.base/sun.security.ssl.SSLSocketInputRecord.readFully(SSLSocketInputRecord.java:472)
at java.base/sun.security.ssl.SSLSocketInputRecord.decodeInputRecord(SSLSocketInputRecord.java:243)
at java.base/sun.security.ssl.SSLSocketInputRecord.decode(SSLSocketInputRecord.java:181)
at java.base/sun.security.ssl.SSLTransport.decode(SSLTransport.java:111)
at java.base/sun.security.ssl.SSLSocketImpl.decode(SSLSocketImpl.java:1510)
at java.base/sun.security.ssl.SSLSocketImpl.readApplicationRecord(SSLSocketImpl.java:1481)
at java.base/sun.security.ssl.SSLSocketImpl$AppInputStream.read(SSLSocketImpl.java:1068)
at org.apache.hc.core5.http.impl.io.SessionInputBufferImpl.read(SessionInputBufferImpl.java:195)
at org.apache.hc.core5.http.impl.io.ContentLengthInputStream.read(ContentLengthInputStream.java:173)
at org.apache.hc.core5.http.io.EofSensorInputStream.read(EofSensorInputStream.java:135)
at org.apache.hc.core5.http.io.EofSensorInputStream.read(EofSensorInputStream.java:148)
at org.apache.commons.io.IOUtils.copyLarge(IOUtils.java:1487)
at org.apache.commons.io.IOUtils.copy(IOUtils.java:1107)
at org.apache.commons.io.IOUtils.copyLarge(IOUtils.java:1460)
at org.apache.commons.io.IOUtils.copy(IOUtils.java:1085)
at org.apache.commons.io.FileUtils.copyToFile(FileUtils.java:1026)
at org.apache.commons.io.FileUtils.copyInputStreamToFile(FileUtils.java:934)
at io.github.bonigarcia.wdm.online.Downloader.downloadAndExtract(Downloader.java:140)
at io.github.bonigarcia.wdm.online.Downloader.download(Downloader.java:92)
at io.github.bonigarcia.wdm.WebDriverManager.download(WebDriverManager.java:1272)
at io.github.bonigarcia.wdm.WebDriverManager.manage(WebDriverManager.java:1183)
... 20 more
]]>
    </error>
  </testcase> <!-- setup -->
  <testcase classname="tests.SearchTest" name="loginTest" time="11.678"/>
  <testcase classname="tests.SearchTest" name="setup" time="1468.516">
    <error message="java.net.SocketTimeoutException: Read timed out" type="io.github.bonigarcia.wdm.config.WebDriverManagerException">
      <![CDATA[io.github.bonigarcia.wdm.config.WebDriverManagerException: java.net.SocketTimeoutException: Read timed out
at io.github.bonigarcia.wdm.WebDriverManager.handleException(WebDriverManager.java:1414)
at io.github.bonigarcia.wdm.WebDriverManager.manage(WebDriverManager.java:1189)
at io.github.bonigarcia.wdm.WebDriverManager.fallback(WebDriverManager.java:1430)
at io.github.bonigarcia.wdm.WebDriverManager.handleException(WebDriverManager.java:1408)
at io.github.bonigarcia.wdm.WebDriverManager.manage(WebDriverManager.java:1189)
at io.github.bonigarcia.wdm.WebDriverManager.setup(WebDriverManager.java:426)
at base.DriverFactory.initDriver(DriverFactory.java:19)
at base.BaseTest.setup(BaseTest.java:19)
at java.base/jdk.internal.reflect.DirectMethodHandleAccessor.invoke(DirectMethodHandleAccessor.java:103)
at java.base/java.lang.reflect.Method.invoke(Method.java:580)
at org.testng.internal.invokers.MethodInvocationHelper.invokeMethod(MethodInvocationHelper.java:139)
at org.testng.internal.invokers.MethodInvocationHelper.invokeMethodConsideringTimeout(MethodInvocationHelper.java:69)
at org.testng.internal.invokers.ConfigInvoker.invokeConfigurationMethod(ConfigInvoker.java:393)
at org.testng.internal.invokers.ConfigInvoker.invokeConfigurations(ConfigInvoker.java:326)
at org.testng.internal.invokers.TestInvoker.runConfigMethods(TestInvoker.java:810)
at org.testng.internal.invokers.TestInvoker.invokeMethod(TestInvoker.java:578)
at org.testng.internal.invokers.TestInvoker.invokeTestMethod(TestInvoker.java:228)
at org.testng.internal.invokers.TestMethodWithDataProviderMethodWorker.call(TestMethodWithDataProviderMethodWorker.java:80)
at java.base/java.util.concurrent.CompletableFuture$AsyncSupply.run(CompletableFuture.java:1812)
at java.base/java.util.concurrent.ThreadPoolExecutor.runWorker(ThreadPoolExecutor.java:1144)
at java.base/java.util.concurrent.ThreadPoolExecutor$Worker.run(ThreadPoolExecutor.java:642)
at java.base/java.lang.Thread.run(Thread.java:1575)
Caused by: java.net.SocketTimeoutException: Read timed out
at java.base/sun.nio.ch.NioSocketImpl.timedRead(NioSocketImpl.java:278)
at java.base/sun.nio.ch.NioSocketImpl.implRead(NioSocketImpl.java:304)
at java.base/sun.nio.ch.NioSocketImpl.read(NioSocketImpl.java:346)
at java.base/sun.nio.ch.NioSocketImpl$1.read(NioSocketImpl.java:796)
at java.base/java.net.Socket$SocketInputStream.implRead(Socket.java:1116)
at java.base/java.net.Socket$SocketInputStream.read(Socket.java:1103)
at java.base/sun.security.ssl.SSLSocketInputRecord.read(SSLSocketInputRecord.java:489)
at java.base/sun.security.ssl.SSLSocketInputRecord.readFully(SSLSocketInputRecord.java:472)
at java.base/sun.security.ssl.SSLSocketInputRecord.decodeInputRecord(SSLSocketInputRecord.java:243)
at java.base/sun.security.ssl.SSLSocketInputRecord.decode(SSLSocketInputRecord.java:181)
at java.base/sun.security.ssl.SSLTransport.decode(SSLTransport.java:111)
at java.base/sun.security.ssl.SSLSocketImpl.decode(SSLSocketImpl.java:1510)
at java.base/sun.security.ssl.SSLSocketImpl.readApplicationRecord(SSLSocketImpl.java:1481)
at java.base/sun.security.ssl.SSLSocketImpl$AppInputStream.read(SSLSocketImpl.java:1068)
at org.apache.hc.core5.http.impl.io.SessionInputBufferImpl.read(SessionInputBufferImpl.java:195)
at org.apache.hc.core5.http.impl.io.ContentLengthInputStream.read(ContentLengthInputStream.java:173)
at org.apache.hc.core5.http.io.EofSensorInputStream.read(EofSensorInputStream.java:135)
at org.apache.hc.core5.http.io.EofSensorInputStream.read(EofSensorInputStream.java:148)
at org.apache.commons.io.IOUtils.copyLarge(IOUtils.java:1487)
at org.apache.commons.io.IOUtils.copy(IOUtils.java:1107)
at org.apache.commons.io.IOUtils.copyLarge(IOUtils.java:1460)
at org.apache.commons.io.IOUtils.copy(IOUtils.java:1085)
at org.apache.commons.io.FileUtils.copyToFile(FileUtils.java:1026)
at org.apache.commons.io.FileUtils.copyInputStreamToFile(FileUtils.java:934)
at io.github.bonigarcia.wdm.online.Downloader.downloadAndExtract(Downloader.java:140)
at io.github.bonigarcia.wdm.online.Downloader.download(Downloader.java:92)
at io.github.bonigarcia.wdm.WebDriverManager.download(WebDriverManager.java:1272)
at io.github.bonigarcia.wdm.WebDriverManager.manage(WebDriverManager.java:1183)
... 20 more
]]>
    </error>
  </testcase> <!-- setup -->
  <testcase classname="tests.SearchTest" name="loginTest" time="0.001">
    <skipped/>
  </testcase> <!-- loginTest -->
  <testcase classname="tests.SearchTest" name="loginTest" time="0.001">
    <skipped/>
  </testcase> <!-- loginTest -->
  <testcase classname="tests.SearchTest" name="loginTest" time="11.375"/>
  <testcase classname="tests.SearchTest" name="setup" time="1453.061">
    <error message="java.net.SocketTimeoutException: Read timed out" type="io.github.bonigarcia.wdm.config.WebDriverManagerException">
      <![CDATA[io.github.bonigarcia.wdm.config.WebDriverManagerException: java.net.SocketTimeoutException: Read timed out
at io.github.bonigarcia.wdm.WebDriverManager.handleException(WebDriverManager.java:1414)
at io.github.bonigarcia.wdm.WebDriverManager.manage(WebDriverManager.java:1189)
at io.github.bonigarcia.wdm.WebDriverManager.fallback(WebDriverManager.java:1430)
at io.github.bonigarcia.wdm.WebDriverManager.handleException(WebDriverManager.java:1408)
at io.github.bonigarcia.wdm.WebDriverManager.manage(WebDriverManager.java:1189)
at io.github.bonigarcia.wdm.WebDriverManager.setup(WebDriverManager.java:426)
at base.DriverFactory.initDriver(DriverFactory.java:19)
at base.BaseTest.setup(BaseTest.java:19)
at java.base/jdk.internal.reflect.DirectMethodHandleAccessor.invoke(DirectMethodHandleAccessor.java:103)
at java.base/java.lang.reflect.Method.invoke(Method.java:580)
at org.testng.internal.invokers.MethodInvocationHelper.invokeMethod(MethodInvocationHelper.java:139)
at org.testng.internal.invokers.MethodInvocationHelper.invokeMethodConsideringTimeout(MethodInvocationHelper.java:69)
at org.testng.internal.invokers.ConfigInvoker.invokeConfigurationMethod(ConfigInvoker.java:393)
at org.testng.internal.invokers.ConfigInvoker.invokeConfigurations(ConfigInvoker.java:326)
at org.testng.internal.invokers.TestInvoker.runConfigMethods(TestInvoker.java:810)
at org.testng.internal.invokers.TestInvoker.invokeMethod(TestInvoker.java:578)
at org.testng.internal.invokers.TestInvoker.invokeTestMethod(TestInvoker.java:228)
at org.testng.internal.invokers.TestMethodWithDataProviderMethodWorker.call(TestMethodWithDataProviderMethodWorker.java:80)
at java.base/java.util.concurrent.CompletableFuture$AsyncSupply.run(CompletableFuture.java:1812)
at java.base/java.util.concurrent.ThreadPoolExecutor.runWorker(ThreadPoolExecutor.java:1144)
at java.base/java.util.concurrent.ThreadPoolExecutor$Worker.run(ThreadPoolExecutor.java:642)
at java.base/java.lang.Thread.run(Thread.java:1575)
Caused by: java.net.SocketTimeoutException: Read timed out
at java.base/sun.nio.ch.NioSocketImpl.timedRead(NioSocketImpl.java:278)
at java.base/sun.nio.ch.NioSocketImpl.implRead(NioSocketImpl.java:304)
at java.base/sun.nio.ch.NioSocketImpl.read(NioSocketImpl.java:346)
at java.base/sun.nio.ch.NioSocketImpl$1.read(NioSocketImpl.java:796)
at java.base/java.net.Socket$SocketInputStream.implRead(Socket.java:1116)
at java.base/java.net.Socket$SocketInputStream.read(Socket.java:1103)
at java.base/sun.security.ssl.SSLSocketInputRecord.read(SSLSocketInputRecord.java:489)
at java.base/sun.security.ssl.SSLSocketInputRecord.readFully(SSLSocketInputRecord.java:472)
at java.base/sun.security.ssl.SSLSocketInputRecord.decodeInputRecord(SSLSocketInputRecord.java:243)
at java.base/sun.security.ssl.SSLSocketInputRecord.decode(SSLSocketInputRecord.java:181)
at java.base/sun.security.ssl.SSLTransport.decode(SSLTransport.java:111)
at java.base/sun.security.ssl.SSLSocketImpl.decode(SSLSocketImpl.java:1510)
at java.base/sun.security.ssl.SSLSocketImpl.readApplicationRecord(SSLSocketImpl.java:1481)
at java.base/sun.security.ssl.SSLSocketImpl$AppInputStream.read(SSLSocketImpl.java:1068)
at org.apache.hc.core5.http.impl.io.SessionInputBufferImpl.read(SessionInputBufferImpl.java:195)
at org.apache.hc.core5.http.impl.io.ContentLengthInputStream.read(ContentLengthInputStream.java:173)
at org.apache.hc.core5.http.io.EofSensorInputStream.read(EofSensorInputStream.java:135)
at org.apache.hc.core5.http.io.EofSensorInputStream.read(EofSensorInputStream.java:148)
at org.apache.commons.io.IOUtils.copyLarge(IOUtils.java:1487)
at org.apache.commons.io.IOUtils.copy(IOUtils.java:1107)
at org.apache.commons.io.IOUtils.copyLarge(IOUtils.java:1460)
at org.apache.commons.io.IOUtils.copy(IOUtils.java:1085)
at org.apache.commons.io.FileUtils.copyToFile(FileUtils.java:1026)
at org.apache.commons.io.FileUtils.copyInputStreamToFile(FileUtils.java:934)
at io.github.bonigarcia.wdm.online.Downloader.downloadAndExtract(Downloader.java:140)
at io.github.bonigarcia.wdm.online.Downloader.download(Downloader.java:92)
at io.github.bonigarcia.wdm.WebDriverManager.download(WebDriverManager.java:1272)
at io.github.bonigarcia.wdm.WebDriverManager.manage(WebDriverManager.java:1183)
... 20 more
]]>
    </error>
  </testcase> <!-- setup -->
  <testcase classname="tests.SearchTest" name="loginTest" time="16.644"/>
  <testcase classname="tests.SearchTest" name="loginTest" time="13.573"/>
  <testcase classname="tests.SearchTest" name="setup" time="1456.018">
    <error message="java.net.SocketTimeoutException: Read timed out" type="io.github.bonigarcia.wdm.config.WebDriverManagerException">
      <![CDATA[io.github.bonigarcia.wdm.config.WebDriverManagerException: java.net.SocketTimeoutException: Read timed out
at io.github.bonigarcia.wdm.WebDriverManager.handleException(WebDriverManager.java:1414)
at io.github.bonigarcia.wdm.WebDriverManager.manage(WebDriverManager.java:1189)
at io.github.bonigarcia.wdm.WebDriverManager.fallback(WebDriverManager.java:1430)
at io.github.bonigarcia.wdm.WebDriverManager.handleException(WebDriverManager.java:1408)
at io.github.bonigarcia.wdm.WebDriverManager.manage(WebDriverManager.java:1189)
at io.github.bonigarcia.wdm.WebDriverManager.setup(WebDriverManager.java:426)
at base.DriverFactory.initDriver(DriverFactory.java:19)
at base.BaseTest.setup(BaseTest.java:19)
at java.base/jdk.internal.reflect.DirectMethodHandleAccessor.invoke(DirectMethodHandleAccessor.java:103)
at java.base/java.lang.reflect.Method.invoke(Method.java:580)
at org.testng.internal.invokers.MethodInvocationHelper.invokeMethod(MethodInvocationHelper.java:139)
at org.testng.internal.invokers.MethodInvocationHelper.invokeMethodConsideringTimeout(MethodInvocationHelper.java:69)
at org.testng.internal.invokers.ConfigInvoker.invokeConfigurationMethod(ConfigInvoker.java:393)
at org.testng.internal.invokers.ConfigInvoker.invokeConfigurations(ConfigInvoker.java:326)
at org.testng.internal.invokers.TestInvoker.runConfigMethods(TestInvoker.java:810)
at org.testng.internal.invokers.TestInvoker.invokeMethod(TestInvoker.java:578)
at org.testng.internal.invokers.TestInvoker.invokeTestMethod(TestInvoker.java:228)
at org.testng.internal.invokers.TestMethodWithDataProviderMethodWorker.call(TestMethodWithDataProviderMethodWorker.java:80)
at java.base/java.util.concurrent.CompletableFuture$AsyncSupply.run(CompletableFuture.java:1812)
at java.base/java.util.concurrent.ThreadPoolExecutor.runWorker(ThreadPoolExecutor.java:1144)
at java.base/java.util.concurrent.ThreadPoolExecutor$Worker.run(ThreadPoolExecutor.java:642)
at java.base/java.lang.Thread.run(Thread.java:1575)
Caused by: java.net.SocketTimeoutException: Read timed out
at java.base/sun.nio.ch.NioSocketImpl.timedRead(NioSocketImpl.java:278)
at java.base/sun.nio.ch.NioSocketImpl.implRead(NioSocketImpl.java:304)
at java.base/sun.nio.ch.NioSocketImpl.read(NioSocketImpl.java:346)
at java.base/sun.nio.ch.NioSocketImpl$1.read(NioSocketImpl.java:796)
at java.base/java.net.Socket$SocketInputStream.implRead(Socket.java:1116)
at java.base/java.net.Socket$SocketInputStream.read(Socket.java:1103)
at java.base/sun.security.ssl.SSLSocketInputRecord.read(SSLSocketInputRecord.java:489)
at java.base/sun.security.ssl.SSLSocketInputRecord.readFully(SSLSocketInputRecord.java:472)
at java.base/sun.security.ssl.SSLSocketInputRecord.decodeInputRecord(SSLSocketInputRecord.java:243)
at java.base/sun.security.ssl.SSLSocketInputRecord.decode(SSLSocketInputRecord.java:181)
at java.base/sun.security.ssl.SSLTransport.decode(SSLTransport.java:111)
at java.base/sun.security.ssl.SSLSocketImpl.decode(SSLSocketImpl.java:1510)
at java.base/sun.security.ssl.SSLSocketImpl.readApplicationRecord(SSLSocketImpl.java:1481)
at java.base/sun.security.ssl.SSLSocketImpl$AppInputStream.read(SSLSocketImpl.java:1068)
at org.apache.hc.core5.http.impl.io.SessionInputBufferImpl.read(SessionInputBufferImpl.java:195)
at org.apache.hc.core5.http.impl.io.ContentLengthInputStream.read(ContentLengthInputStream.java:173)
at org.apache.hc.core5.http.io.EofSensorInputStream.read(EofSensorInputStream.java:135)
at org.apache.hc.core5.http.io.EofSensorInputStream.read(EofSensorInputStream.java:148)
at org.apache.commons.io.IOUtils.copyLarge(IOUtils.java:1487)
at org.apache.commons.io.IOUtils.copy(IOUtils.java:1107)
at org.apache.commons.io.IOUtils.copyLarge(IOUtils.java:1460)
at org.apache.commons.io.IOUtils.copy(IOUtils.java:1085)
at org.apache.commons.io.FileUtils.copyToFile(FileUtils.java:1026)
at org.apache.commons.io.FileUtils.copyInputStreamToFile(FileUtils.java:934)
at io.github.bonigarcia.wdm.online.Downloader.downloadAndExtract(Downloader.java:140)
at io.github.bonigarcia.wdm.online.Downloader.download(Downloader.java:92)
at io.github.bonigarcia.wdm.WebDriverManager.download(WebDriverManager.java:1272)
at io.github.bonigarcia.wdm.WebDriverManager.manage(WebDriverManager.java:1183)
... 20 more
]]>
    </error>
  </testcase> <!-- setup -->
  <testcase classname="tests.SearchTest" name="loginTest" time="0.000">
    <skipped/>
  </testcase> <!-- loginTest -->
  <testcase classname="tests.SearchTest" name="loginTest" time="11.613"/>
  <testcase classname="tests.SearchTest" name="setup" time="1263.357">
    <error message="java.net.SocketException: Connection reset" type="io.github.bonigarcia.wdm.config.WebDriverManagerException">
      <![CDATA[io.github.bonigarcia.wdm.config.WebDriverManagerException: java.net.SocketException: Connection reset
at io.github.bonigarcia.wdm.WebDriverManager.handleException(WebDriverManager.java:1414)
at io.github.bonigarcia.wdm.WebDriverManager.manage(WebDriverManager.java:1189)
at io.github.bonigarcia.wdm.WebDriverManager.fallback(WebDriverManager.java:1430)
at io.github.bonigarcia.wdm.WebDriverManager.handleException(WebDriverManager.java:1408)
at io.github.bonigarcia.wdm.WebDriverManager.manage(WebDriverManager.java:1189)
at io.github.bonigarcia.wdm.WebDriverManager.setup(WebDriverManager.java:426)
at base.DriverFactory.initDriver(DriverFactory.java:19)
at base.BaseTest.setup(BaseTest.java:19)
at java.base/jdk.internal.reflect.DirectMethodHandleAccessor.invoke(DirectMethodHandleAccessor.java:103)
at java.base/java.lang.reflect.Method.invoke(Method.java:580)
at org.testng.internal.invokers.MethodInvocationHelper.invokeMethod(MethodInvocationHelper.java:139)
at org.testng.internal.invokers.MethodInvocationHelper.invokeMethodConsideringTimeout(MethodInvocationHelper.java:69)
at org.testng.internal.invokers.ConfigInvoker.invokeConfigurationMethod(ConfigInvoker.java:393)
at org.testng.internal.invokers.ConfigInvoker.invokeConfigurations(ConfigInvoker.java:326)
at org.testng.internal.invokers.TestInvoker.runConfigMethods(TestInvoker.java:810)
at org.testng.internal.invokers.TestInvoker.invokeMethod(TestInvoker.java:578)
at org.testng.internal.invokers.TestInvoker.invokeTestMethod(TestInvoker.java:228)
at org.testng.internal.invokers.TestMethodWithDataProviderMethodWorker.call(TestMethodWithDataProviderMethodWorker.java:80)
at java.base/java.util.concurrent.CompletableFuture$AsyncSupply.run(CompletableFuture.java:1812)
at java.base/java.util.concurrent.ThreadPoolExecutor.runWorker(ThreadPoolExecutor.java:1144)
at java.base/java.util.concurrent.ThreadPoolExecutor$Worker.run(ThreadPoolExecutor.java:642)
at java.base/java.lang.Thread.run(Thread.java:1575)
Caused by: java.net.SocketException: Connection reset
at java.base/sun.nio.ch.NioSocketImpl.implRead(NioSocketImpl.java:318)
at java.base/sun.nio.ch.NioSocketImpl.read(NioSocketImpl.java:346)
at java.base/sun.nio.ch.NioSocketImpl$1.read(NioSocketImpl.java:796)
at java.base/java.net.Socket$SocketInputStream.implRead(Socket.java:1116)
at java.base/java.net.Socket$SocketInputStream.read(Socket.java:1103)
at java.base/sun.security.ssl.SSLSocketInputRecord.read(SSLSocketInputRecord.java:489)
at java.base/sun.security.ssl.SSLSocketInputRecord.readFully(SSLSocketInputRecord.java:472)
at java.base/sun.security.ssl.SSLSocketInputRecord.decodeInputRecord(SSLSocketInputRecord.java:243)
at java.base/sun.security.ssl.SSLSocketInputRecord.decode(SSLSocketInputRecord.java:181)
at java.base/sun.security.ssl.SSLTransport.decode(SSLTransport.java:111)
at java.base/sun.security.ssl.SSLSocketImpl.decode(SSLSocketImpl.java:1510)
at java.base/sun.security.ssl.SSLSocketImpl.readApplicationRecord(SSLSocketImpl.java:1481)
at java.base/sun.security.ssl.SSLSocketImpl$AppInputStream.read(SSLSocketImpl.java:1068)
at org.apache.hc.core5.http.impl.io.SessionInputBufferImpl.read(SessionInputBufferImpl.java:195)
at org.apache.hc.core5.http.impl.io.ContentLengthInputStream.read(ContentLengthInputStream.java:173)
at org.apache.hc.core5.http.io.EofSensorInputStream.read(EofSensorInputStream.java:135)
at org.apache.hc.core5.http.io.EofSensorInputStream.read(EofSensorInputStream.java:148)
at org.apache.commons.io.IOUtils.copyLarge(IOUtils.java:1487)
at org.apache.commons.io.IOUtils.copy(IOUtils.java:1107)
at org.apache.commons.io.IOUtils.copyLarge(IOUtils.java:1460)
at org.apache.commons.io.IOUtils.copy(IOUtils.java:1085)
at org.apache.commons.io.FileUtils.copyToFile(FileUtils.java:1026)
at org.apache.commons.io.FileUtils.copyInputStreamToFile(FileUtils.java:934)
at io.github.bonigarcia.wdm.online.Downloader.downloadAndExtract(Downloader.java:140)
at io.github.bonigarcia.wdm.online.Downloader.download(Downloader.java:92)
at io.github.bonigarcia.wdm.WebDriverManager.download(WebDriverManager.java:1272)
at io.github.bonigarcia.wdm.WebDriverManager.manage(WebDriverManager.java:1183)
... 20 more
]]>
    </error>
  </testcase> <!-- setup -->
  <testcase classname="tests.SearchTest" name="loginTest" time="0.000">
    <skipped/>
  </testcase> <!-- loginTest -->
  <testcase classname="tests.SearchTest" name="loginTest" time="0.000">
    <skipped/>
  </testcase> <!-- loginTest -->
</testsuite> <!-- tests.SearchTest -->
